# ProductName=projupgrade 7.7.0-2019-04-12 rev. 59de774 (Linux.x86_64)
# CurrentDate=Mon, 20 May 2019 00:36:33 -0700
# CurrentDateUTC=1558337793
# TZ=MST

REPORT  20/May/2019:00:36:33.153 [4fd2:000000000000000000000000] Tracing to directory: /opt/DevOps/ini/DevOps/APIManager/projupgrade_logs_2019-05-20_00-36-33 filename: projupgrade.log
REPORT  20/May/2019:00:36:33.153 [4fd2:000000000000000000000000] Tracing to directory: /opt/DevOps/ini/DevOps/APIManager/projupgrade_logs_2019-05-20_00-36-33 filename: projupgrade.report
REPORT  20/May/2019:00:36:33.153 [4fd2:000000000000000000000000] ===================
REPORT  20/May/2019:00:36:33.153 [4fd2:000000000000000000000000] Running projupgrade
REPORT  20/May/2019:00:36:33.153 [4fd2:000000000000000000000000] ===================
REPORT  20/May/2019:00:36:33.153 [4fd2:000000000000000000000000] Projects directory : /opt/DevOps/ini/DevOps/APIManager
REPORT  20/May/2019:00:36:33.153 [4fd2:000000000000000000000000] Backup directory   : None
REPORT  20/May/2019:00:36:33.153 [4fd2:000000000000000000000000] Logging directory  : /opt/DevOps/ini/DevOps/APIManager/projupgrade_logs_2019-05-20_00-36-33
REPORT  20/May/2019:00:36:33.153 [4fd2:000000000000000000000000]  
REPORT  20/May/2019:00:36:33.154 [4fd2:000000000000000000000000]  
REPORT  20/May/2019:00:36:33.241 [4fd2:000000000000000000000000] Upgrading project 'ZDD IntGroup': /opt/DevOps/ini/DevOps/APIManager ...
REPORT  20/May/2019:00:36:33.259 [4fd2:000000000000000000000000]     Upgrading 'federated:file:////opt/DevOps/ini/DevOps/APIManager/configs.xml' and putting output into '/tmp/tmpSyJIUR'...
INFO    20/May/2019:00:36:34.785 [4fd2:000000000000000000000000]     Template fedstore is located at: /opt/Axway/APIM/apigateway/system/conf/templates
INFO    20/May/2019:00:36:34.786 [4fd2:000000000000000000000000]     Migrate dir is located at: /opt/Axway/APIM/apigateway/system/conf/migrate
REPORT  20/May/2019:00:36:34.817 [4fd2:000000000000000000000000]     Writing upgrade to 'federated:file:/tmp/tmpSyJIUR/configs.xml', please wait...
INFO    20/May/2019:00:36:34.822 [4fd2:000000000000000000000000]     Creating new configuration at: /tmp/tmpSyJIUR
INFO    20/May/2019:00:36:39.798 [4fd2:000000000000000000000000]     [VersionUpgrader] Starting version-centric upgrade...
INFO    20/May/2019:00:36:40.345 [4fd2:000000000000000000000000]     [VersionUpgrader] [7] differences detected, checking for upgrade steps...
INFO    20/May/2019:00:36:40.346 [4fd2:000000000000000000000000]     [VersionUpgrader] Comparison tree
---------------
 +-[  ] Entity
    +-[C ] URIHandler
    +-[C ] ICAPServer
    +-[  ] RootChild
    |  +-[  ] LoadableModule
    |  |  +-[  ] NamedLoadableModule
    |  |  |  +-[C ] MimeTypeGroup
    |  +-[C ] ESConfiguration
    +-[C ] Certificate
    +-[C ] RegularExpression
    +-[  ] Filter
    |  +-[C ] PGPDecryptFilter

INFO    20/May/2019:00:36:40.346 [4fd2:000000000000000000000000]     [VersionUpgrader] Looking for steps for 'Certificate' from version: 5 to version: 6...
INFO    20/May/2019:00:36:40.377 [4fd2:000000000000000000000000]     [VersionUpgrader] Found upgrade step '/opt/Axway/APIM/apigateway/system/conf/migrate/Certificate/6.xml' for type Certificate
INFO    20/May/2019:00:36:40.378 [4fd2:000000000000000000000000]     [VersionUpgrader] Looking for steps for 'PGPDecryptFilter' from version: 2 to version: 3...
INFO    20/May/2019:00:36:40.390 [4fd2:000000000000000000000000]     [VersionUpgrader] Found upgrade step '/opt/Axway/APIM/apigateway/system/conf/migrate/PGPDecryptFilter/3.xml' for type PGPDecryptFilter
INFO    20/May/2019:00:36:40.390 [4fd2:000000000000000000000000]     [VersionUpgrader] Looking for steps for 'ICAPServer' from version: 0 to version: 1...
INFO    20/May/2019:00:36:40.393 [4fd2:000000000000000000000000]     [VersionUpgrader] Found upgrade step '/opt/Axway/APIM/apigateway/system/conf/migrate/ICAPServer/1.xml' for type ICAPServer
INFO    20/May/2019:00:36:40.393 [4fd2:000000000000000000000000]     [VersionUpgrader] Looking for steps for 'RegularExpression' from version: 3 to version: 4...
INFO    20/May/2019:00:36:40.393 [4fd2:000000000000000000000000]     [VersionUpgrader] Found upgrade step '/opt/Axway/APIM/apigateway/system/conf/migrate/RegularExpression/4.xml' for type RegularExpression
INFO    20/May/2019:00:36:40.393 [4fd2:000000000000000000000000]     [VersionUpgrader] Looking for steps for 'ESConfiguration' from version: 27 to version: 30...
INFO    20/May/2019:00:36:40.397 [4fd2:000000000000000000000000]     [VersionUpgrader] Found upgrade step '/opt/Axway/APIM/apigateway/system/conf/migrate/ESConfiguration/28.xml' for type ESConfiguration
INFO    20/May/2019:00:36:40.397 [4fd2:000000000000000000000000]     [VersionUpgrader] Found upgrade step '/opt/Axway/APIM/apigateway/system/conf/migrate/ESConfiguration/29.xml' for type ESConfiguration
INFO    20/May/2019:00:36:40.397 [4fd2:000000000000000000000000]     [VersionUpgrader] Found upgrade step '/opt/Axway/APIM/apigateway/system/conf/migrate/ESConfiguration/30.xml' for type ESConfiguration
INFO    20/May/2019:00:36:40.397 [4fd2:000000000000000000000000]     [VersionUpgrader] Looking for steps for 'MimeTypeGroup' from version: 1 to version: 2...
INFO    20/May/2019:00:36:40.397 [4fd2:000000000000000000000000]     [VersionUpgrader] Found upgrade step '/opt/Axway/APIM/apigateway/system/conf/migrate/MimeTypeGroup/2.xml' for type MimeTypeGroup
INFO    20/May/2019:00:36:40.397 [4fd2:000000000000000000000000]     [VersionUpgrader] Looking for steps for 'URIHandler' from version: 5 to version: 6...
INFO    20/May/2019:00:36:40.397 [4fd2:000000000000000000000000]     [VersionUpgrader] Found upgrade step '/opt/Axway/APIM/apigateway/system/conf/migrate/URIHandler/6.xml' for type URIHandler
INFO    20/May/2019:00:36:40.430 [4fd2:000000000000000000000000]     [VersionUpgrader] Adding dependency for type [SamlInsertFilter] version [5]
INFO    20/May/2019:00:36:40.430 [4fd2:000000000000000000000000]     [VersionUpgrader] Couldn't find steps for type [SamlInsertFilter], ignoring...
INFO    20/May/2019:00:36:40.430 [4fd2:000000000000000000000000]     [VersionUpgrader] Adding dependency for type [WsUsernameInsertFilter] version [4]
INFO    20/May/2019:00:36:40.430 [4fd2:000000000000000000000000]     [VersionUpgrader] Couldn't find steps for type [WsUsernameInsertFilter], ignoring...
INFO    20/May/2019:00:36:40.430 [4fd2:000000000000000000000000]     [VersionUpgrader] Adding dependency for type [EncryptionRecipient] version [2]
INFO    20/May/2019:00:36:40.430 [4fd2:000000000000000000000000]     [VersionUpgrader] Couldn't find steps for type [EncryptionRecipient], ignoring...
INFO    20/May/2019:00:36:40.430 [4fd2:000000000000000000000000]     [VersionUpgrader] Adding dependency for type [AuthnVerifySignatureFilter] version [1]
INFO    20/May/2019:00:36:40.430 [4fd2:000000000000000000000000]     [VersionUpgrader] Couldn't find steps for type [AuthnVerifySignatureFilter], ignoring...
INFO    20/May/2019:00:36:40.430 [4fd2:000000000000000000000000]     [VersionUpgrader] Adding dependency for type [WsVerifySignatureFilter] version [1]
INFO    20/May/2019:00:36:40.430 [4fd2:000000000000000000000000]     [VersionUpgrader] Couldn't find steps for type [WsVerifySignatureFilter], ignoring...
INFO    20/May/2019:00:36:40.430 [4fd2:000000000000000000000000]     [VersionUpgrader] Adding dependency for type [SamlAuthNVerifySignatureFilter] version [1]
INFO    20/May/2019:00:36:40.430 [4fd2:000000000000000000000000]     [VersionUpgrader] Couldn't find steps for type [SamlAuthNVerifySignatureFilter], ignoring...
INFO    20/May/2019:00:36:40.430 [4fd2:000000000000000000000000]     [VersionUpgrader] Adding dependency for type [SamlAuthZVerifySignatureFilter] version [1]
INFO    20/May/2019:00:36:40.430 [4fd2:000000000000000000000000]     [VersionUpgrader] Couldn't find steps for type [SamlAuthZVerifySignatureFilter], ignoring...
INFO    20/May/2019:00:36:40.430 [4fd2:000000000000000000000000]     [VersionUpgrader] Adding dependency for type [SamlPdpResponseVerifySignatureFilter] version [1]
INFO    20/May/2019:00:36:40.430 [4fd2:000000000000000000000000]     [VersionUpgrader] Couldn't find steps for type [SamlPdpResponseVerifySignatureFilter], ignoring...
INFO    20/May/2019:00:36:40.430 [4fd2:000000000000000000000000]     [VersionUpgrader] Adding dependency for type [VerifySignatureFilter] version [4]
INFO    20/May/2019:00:36:40.430 [4fd2:000000000000000000000000]     [VersionUpgrader] Couldn't find steps for type [VerifySignatureFilter], ignoring...
INFO    20/May/2019:00:36:40.430 [4fd2:000000000000000000000000]     [VersionUpgrader] Adding dependency for type [VerifySignatureFilter] version [4]
INFO    20/May/2019:00:36:40.430 [4fd2:000000000000000000000000]     [VersionUpgrader] Couldn't find steps for type [VerifySignatureFilter], ignoring...
INFO    20/May/2019:00:36:40.430 [4fd2:000000000000000000000000]     [VersionUpgrader] Adding dependency for type [VerifySignatureFilter] version [4]
INFO    20/May/2019:00:36:40.430 [4fd2:000000000000000000000000]     [VersionUpgrader] Couldn't find steps for type [VerifySignatureFilter], ignoring...
INFO    20/May/2019:00:36:40.430 [4fd2:000000000000000000000000]     [VersionUpgrader] Adding dependency for type [VerifySignatureFilter] version [4]
INFO    20/May/2019:00:36:40.430 [4fd2:000000000000000000000000]     [VersionUpgrader] Couldn't find steps for type [VerifySignatureFilter], ignoring...
INFO    20/May/2019:00:36:40.430 [4fd2:000000000000000000000000]     [VersionUpgrader] Adding dependency for type [VerifySignatureFilter] version [4]
INFO    20/May/2019:00:36:40.430 [4fd2:000000000000000000000000]     [VersionUpgrader] Couldn't find steps for type [VerifySignatureFilter], ignoring...
INFO    20/May/2019:00:36:40.430 [4fd2:000000000000000000000000]     [VersionUpgrader] Adding dependency for type [ReportParameter] version [1]
INFO    20/May/2019:00:36:40.430 [4fd2:000000000000000000000000]     [VersionUpgrader] Couldn't find steps for type [ReportParameter], ignoring...
INFO    20/May/2019:00:36:40.430 [4fd2:000000000000000000000000]     [VersionUpgrader] Adding dependency for type [StatsHandler] version [1]
INFO    20/May/2019:00:36:40.430 [4fd2:000000000000000000000000]     [VersionUpgrader] Couldn't find steps for type [StatsHandler], ignoring...
INFO    20/May/2019:00:36:40.430 [4fd2:000000000000000000000000]     [VersionUpgrader] Adding dependency for type [StatsHandlerDatabase] version [1]
INFO    20/May/2019:00:36:40.430 [4fd2:000000000000000000000000]     [VersionUpgrader] Couldn't find steps for type [StatsHandlerDatabase], ignoring...
INFO    20/May/2019:00:36:40.430 [4fd2:000000000000000000000000]     [VersionUpgrader] Adding dependency for type [BIRTReport] version [1]
INFO    20/May/2019:00:36:40.430 [4fd2:000000000000000000000000]     [VersionUpgrader] Couldn't find steps for type [BIRTReport], ignoring...
INFO    20/May/2019:00:36:40.430 [4fd2:000000000000000000000000]     [VersionUpgrader] Adding dependency for type [RemoteHost] version [6]
INFO    20/May/2019:00:36:40.430 [4fd2:000000000000000000000000]     [VersionUpgrader] Couldn't find steps for type [RemoteHost], ignoring...
INFO    20/May/2019:00:36:40.430 [4fd2:000000000000000000000000]     [VersionUpgrader] Adding dependency for type [RemoteHost] version [7]
INFO    20/May/2019:00:36:40.430 [4fd2:000000000000000000000000]     [VersionUpgrader] Couldn't find steps for type [RemoteHost], ignoring...
INFO    20/May/2019:00:36:40.430 [4fd2:000000000000000000000000]     [VersionUpgrader] Adding dependency for type [RoundRobinLbCfg] version [0]
INFO    20/May/2019:00:36:40.430 [4fd2:000000000000000000000000]     [VersionUpgrader] Couldn't find steps for type [RoundRobinLbCfg], ignoring...
INFO    20/May/2019:00:36:40.430 [4fd2:000000000000000000000000]     [VersionUpgrader] Adding dependency for type [JMSFilter] version [3]
INFO    20/May/2019:00:36:40.430 [4fd2:000000000000000000000000]     [VersionUpgrader] Couldn't find steps for type [JMSFilter], ignoring...
INFO    20/May/2019:00:36:40.430 [4fd2:000000000000000000000000]     [VersionUpgrader] Adding dependency for type [XMLFirewall] version [4]
INFO    20/May/2019:00:36:40.430 [4fd2:000000000000000000000000]     [VersionUpgrader] Couldn't find steps for type [XMLFirewall], ignoring...
INFO    20/May/2019:00:36:40.430 [4fd2:000000000000000000000000]     [VersionUpgrader] Adding dependency for type [AuthnRepositoryPDGroup] version [2]
INFO    20/May/2019:00:36:40.430 [4fd2:000000000000000000000000]     [VersionUpgrader] Couldn't find steps for type [AuthnRepositoryPDGroup], ignoring...
INFO    20/May/2019:00:36:40.430 [4fd2:000000000000000000000000]     [VersionUpgrader] Adding dependency for type [AuditTrailManager] version [2]
INFO    20/May/2019:00:36:40.430 [4fd2:000000000000000000000000]     [VersionUpgrader] Couldn't find steps for type [AuditTrailManager], ignoring...
INFO    20/May/2019:00:36:40.430 [4fd2:000000000000000000000000]     [VersionUpgrader] Adding dependency for type [AuditTrail] version [1]
INFO    20/May/2019:00:36:40.430 [4fd2:000000000000000000000000]     [VersionUpgrader] Couldn't find steps for type [AuditTrail], ignoring...
INFO    20/May/2019:00:36:40.430 [4fd2:000000000000000000000000]     [VersionUpgrader] Adding dependency for type [AuthnRepositoryPDGroup] version [3]
INFO    20/May/2019:00:36:40.430 [4fd2:000000000000000000000000]     [VersionUpgrader] Couldn't find steps for type [AuthnRepositoryPDGroup], ignoring...
INFO    20/May/2019:00:36:40.430 [4fd2:000000000000000000000000]     [VersionUpgrader] Adding dependency for type [AuditTrailManager] version [3]
INFO    20/May/2019:00:36:40.430 [4fd2:000000000000000000000000]     [VersionUpgrader] Couldn't find steps for type [AuditTrailManager], ignoring...
INFO    20/May/2019:00:36:40.430 [4fd2:000000000000000000000000]     [VersionUpgrader] Adding dependency for type [AuditTrail] version [2]
INFO    20/May/2019:00:36:40.430 [4fd2:000000000000000000000000]     [VersionUpgrader] Couldn't find steps for type [AuditTrail], ignoring...
INFO    20/May/2019:00:36:40.430 [4fd2:000000000000000000000000]     [VersionUpgrader] Adding dependency for type [OAuthScopeGroup] version [1]
INFO    20/May/2019:00:36:40.430 [4fd2:000000000000000000000000]     [VersionUpgrader] Couldn't find steps for type [OAuthScopeGroup], ignoring...
INFO    20/May/2019:00:36:40.430 [4fd2:000000000000000000000000]     [VersionUpgrader] Adding dependency for type [Scope] version [1]
INFO    20/May/2019:00:36:40.430 [4fd2:000000000000000000000000]     [VersionUpgrader] Couldn't find steps for type [Scope], ignoring...
INFO    20/May/2019:00:36:40.430 [4fd2:000000000000000000000000]     [VersionUpgrader] Adding dependency for type [SchemaValidationFilter] version [3]
INFO    20/May/2019:00:36:40.430 [4fd2:000000000000000000000000]     [VersionUpgrader] Couldn't find steps for type [SchemaValidationFilter], ignoring...
INFO    20/May/2019:00:36:40.430 [4fd2:000000000000000000000000]     [VersionUpgrader] Adding dependency for type [SchemaCache] version [2]
INFO    20/May/2019:00:36:40.430 [4fd2:000000000000000000000000]     [VersionUpgrader] Couldn't find steps for type [SchemaCache], ignoring...
INFO    20/May/2019:00:36:40.430 [4fd2:000000000000000000000000]     [VersionUpgrader] Adding dependency for type [SchemaCache] version [2]
INFO    20/May/2019:00:36:40.430 [4fd2:000000000000000000000000]     [VersionUpgrader] Couldn't find steps for type [SchemaCache], ignoring...
INFO    20/May/2019:00:36:40.430 [4fd2:000000000000000000000000]     [VersionUpgrader] Adding dependency for type [CertValidationOcspFilter] version [2]
INFO    20/May/2019:00:36:40.430 [4fd2:000000000000000000000000]     [VersionUpgrader] Couldn't find steps for type [CertValidationOcspFilter], ignoring...
INFO    20/May/2019:00:36:40.430 [4fd2:000000000000000000000000]     [VersionUpgrader] Adding dependency for type [ConnectToURLFilter] version [4]
INFO    20/May/2019:00:36:40.430 [4fd2:000000000000000000000000]     [VersionUpgrader] Couldn't find steps for type [ConnectToURLFilter], ignoring...
INFO    20/May/2019:00:36:40.430 [4fd2:000000000000000000000000]     [VersionUpgrader] Adding dependency for type [OcspConfigGroup] version [1]
INFO    20/May/2019:00:36:40.430 [4fd2:000000000000000000000000]     [VersionUpgrader] Couldn't find steps for type [OcspConfigGroup], ignoring...
INFO    20/May/2019:00:36:40.430 [4fd2:000000000000000000000000]     [VersionUpgrader] Adding dependency for type [OAuthAuthorizationRequestFilter] version [3]
INFO    20/May/2019:00:36:40.430 [4fd2:000000000000000000000000]     [VersionUpgrader] Couldn't find steps for type [OAuthAuthorizationRequestFilter], ignoring...
INFO    20/May/2019:00:36:40.430 [4fd2:000000000000000000000000]     [VersionUpgrader] Adding dependency for type [OAuthAuthorizationRequestFilter] version [3]
INFO    20/May/2019:00:36:40.430 [4fd2:000000000000000000000000]     [VersionUpgrader] Couldn't find steps for type [OAuthAuthorizationRequestFilter], ignoring...
INFO    20/May/2019:00:36:40.430 [4fd2:000000000000000000000000]     [VersionUpgrader] Adding dependency for type [OAuthAuthorizationRequestFlowFilter] version [1]
INFO    20/May/2019:00:36:40.430 [4fd2:000000000000000000000000]     [VersionUpgrader] Couldn't find steps for type [OAuthAuthorizationRequestFlowFilter], ignoring...
INFO    20/May/2019:00:36:40.430 [4fd2:000000000000000000000000]     [VersionUpgrader] Adding dependency for type [OAuthAuthorizationRequestFilter] version [5]
INFO    20/May/2019:00:36:40.430 [4fd2:000000000000000000000000]     [VersionUpgrader] Couldn't find steps for type [OAuthAuthorizationRequestFilter], ignoring...
INFO    20/May/2019:00:36:40.430 [4fd2:000000000000000000000000]     [VersionUpgrader] Adding dependency for type [ESConfiguration] version [20]
INFO    20/May/2019:00:36:40.430 [4fd2:000000000000000000000000]     [VersionUpgrader] No step for version 20 exists... ignoring
INFO    20/May/2019:00:36:40.430 [4fd2:000000000000000000000000]     [VersionUpgrader] Adding dependency for type [ESConfiguration] version [25]
INFO    20/May/2019:00:36:40.430 [4fd2:000000000000000000000000]     [VersionUpgrader] No step for version 25 exists... ignoring
INFO    20/May/2019:00:36:40.430 [4fd2:000000000000000000000000]     [VersionUpgrader] Adding dependency for type [ESConfiguration] version [25]
INFO    20/May/2019:00:36:40.430 [4fd2:000000000000000000000000]     [VersionUpgrader] No step for version 25 exists... ignoring
INFO    20/May/2019:00:36:40.430 [4fd2:000000000000000000000000]     [VersionUpgrader] Adding dependency for type [ESConfiguration] version [25]
INFO    20/May/2019:00:36:40.430 [4fd2:000000000000000000000000]     [VersionUpgrader] No step for version 25 exists... ignoring
INFO    20/May/2019:00:36:40.430 [4fd2:000000000000000000000000]     [VersionUpgrader] Adding dependency for type [ESConfiguration] version [25]
INFO    20/May/2019:00:36:40.430 [4fd2:000000000000000000000000]     [VersionUpgrader] No step for version 25 exists... ignoring
INFO    20/May/2019:00:36:40.430 [4fd2:000000000000000000000000]     [VersionUpgrader] Adding dependency for type [ESConfiguration] version [25]
INFO    20/May/2019:00:36:40.430 [4fd2:000000000000000000000000]     [VersionUpgrader] No step for version 25 exists... ignoring
INFO    20/May/2019:00:36:40.430 [4fd2:000000000000000000000000]     [VersionUpgrader] Adding dependency for type [ESConfiguration] version [25]
INFO    20/May/2019:00:36:40.430 [4fd2:000000000000000000000000]     [VersionUpgrader] No step for version 25 exists... ignoring
INFO    20/May/2019:00:36:40.430 [4fd2:000000000000000000000000]     [VersionUpgrader] Adding dependency for type [ESConfiguration] version [25]
INFO    20/May/2019:00:36:40.430 [4fd2:000000000000000000000000]     [VersionUpgrader] No step for version 25 exists... ignoring
INFO    20/May/2019:00:36:40.430 [4fd2:000000000000000000000000]     [VersionUpgrader] Adding dependency for type [ESConfiguration] version [25]
INFO    20/May/2019:00:36:40.430 [4fd2:000000000000000000000000]     [VersionUpgrader] No step for version 25 exists... ignoring
INFO    20/May/2019:00:36:40.430 [4fd2:000000000000000000000000]     [VersionUpgrader] Adding dependency for type [ESConfiguration] version [25]
INFO    20/May/2019:00:36:40.430 [4fd2:000000000000000000000000]     [VersionUpgrader] No step for version 25 exists... ignoring
INFO    20/May/2019:00:36:40.430 [4fd2:000000000000000000000000]     [VersionUpgrader] Adding dependency for type [ESConfiguration] version [27]
INFO    20/May/2019:00:36:40.430 [4fd2:000000000000000000000000]     [VersionUpgrader] No step for version 27 exists... ignoring
INFO    20/May/2019:00:36:40.430 [4fd2:000000000000000000000000]     [VersionUpgrader] Adding dependency for type [ESConfiguration] version [27]
INFO    20/May/2019:00:36:40.430 [4fd2:000000000000000000000000]     [VersionUpgrader] No step for version 27 exists... ignoring
INFO    20/May/2019:00:36:40.430 [4fd2:000000000000000000000000]     [VersionUpgrader] Adding dependency for type [ESConfiguration] version [27]
INFO    20/May/2019:00:36:40.430 [4fd2:000000000000000000000000]     [VersionUpgrader] No step for version 27 exists... ignoring
INFO    20/May/2019:00:36:40.430 [4fd2:000000000000000000000000]     [VersionUpgrader] Adding dependency for type [ESConfiguration] version [27]
INFO    20/May/2019:00:36:40.430 [4fd2:000000000000000000000000]     [VersionUpgrader] No step for version 27 exists... ignoring
INFO    20/May/2019:00:36:40.430 [4fd2:000000000000000000000000]     [VersionUpgrader] Adding dependency for type [ESConfiguration] version [27]
INFO    20/May/2019:00:36:40.430 [4fd2:000000000000000000000000]     [VersionUpgrader] No step for version 27 exists... ignoring
INFO    20/May/2019:00:36:40.430 [4fd2:000000000000000000000000]     [VersionUpgrader] Adding dependency for type [ESConfiguration] version [27]
INFO    20/May/2019:00:36:40.430 [4fd2:000000000000000000000000]     [VersionUpgrader] No step for version 27 exists... ignoring
INFO    20/May/2019:00:36:40.430 [4fd2:000000000000000000000000]     [VersionUpgrader] Adding dependency for type [ESConfiguration] version [27]
INFO    20/May/2019:00:36:40.430 [4fd2:000000000000000000000000]     [VersionUpgrader] No step for version 27 exists... ignoring
INFO    20/May/2019:00:36:40.430 [4fd2:000000000000000000000000]     [VersionUpgrader] Adding dependency for type [PDSystemSettings] version [9]
INFO    20/May/2019:00:36:40.430 [4fd2:000000000000000000000000]     [VersionUpgrader] Couldn't find steps for type [PDSystemSettings], ignoring...
INFO    20/May/2019:00:36:40.430 [4fd2:000000000000000000000000]     [VersionUpgrader] Adding dependency for type [LogAccessFilter] version [1]
INFO    20/May/2019:00:36:40.430 [4fd2:000000000000000000000000]     [VersionUpgrader] Couldn't find steps for type [LogAccessFilter], ignoring...
INFO    20/May/2019:00:36:40.430 [4fd2:000000000000000000000000]     [VersionUpgrader] Adding dependency for type [RealtimeMonitoringDemo] version [3]
INFO    20/May/2019:00:36:40.430 [4fd2:000000000000000000000000]     [VersionUpgrader] Couldn't find steps for type [RealtimeMonitoringDemo], ignoring...
INFO    20/May/2019:00:36:40.430 [4fd2:000000000000000000000000]     [VersionUpgrader] Adding dependency for type [RealtimeMonitoringDemo] version [3]
INFO    20/May/2019:00:36:40.430 [4fd2:000000000000000000000000]     [VersionUpgrader] Couldn't find steps for type [RealtimeMonitoringDemo], ignoring...
INFO    20/May/2019:00:36:40.430 [4fd2:000000000000000000000000]     [VersionUpgrader] Adding dependency for type [MetricGroupType] version [4]
INFO    20/May/2019:00:36:40.430 [4fd2:000000000000000000000000]     [VersionUpgrader] Couldn't find steps for type [MetricGroupType], ignoring...
INFO    20/May/2019:00:36:40.430 [4fd2:000000000000000000000000]     [VersionUpgrader] Adding dependency for type [CircuitDelegateFilter] version [1]
INFO    20/May/2019:00:36:40.430 [4fd2:000000000000000000000000]     [VersionUpgrader] Couldn't find steps for type [CircuitDelegateFilter], ignoring...
INFO    20/May/2019:00:36:40.430 [4fd2:000000000000000000000000]     [VersionUpgrader] Adding dependency for type [CircuitDelegateFilter] version [1]
INFO    20/May/2019:00:36:40.430 [4fd2:000000000000000000000000]     [VersionUpgrader] Couldn't find steps for type [CircuitDelegateFilter], ignoring...
INFO    20/May/2019:00:36:40.430 [4fd2:000000000000000000000000]     [VersionUpgrader] Adding dependency for type [ConnectionFilter] version [16]
INFO    20/May/2019:00:36:40.430 [4fd2:000000000000000000000000]     [VersionUpgrader] Couldn't find steps for type [ConnectionFilter], ignoring...
INFO    20/May/2019:00:36:40.430 [4fd2:000000000000000000000000]     [VersionUpgrader] Adding dependency for type [PortalConfiguration] version [25]
INFO    20/May/2019:00:36:40.430 [4fd2:000000000000000000000000]     [VersionUpgrader] Couldn't find steps for type [PortalConfiguration], ignoring...
INFO    20/May/2019:00:36:40.430 [4fd2:000000000000000000000000]     [VersionUpgrader] Adding dependency for type [WebServicePlugin] version [6]
INFO    20/May/2019:00:36:40.430 [4fd2:000000000000000000000000]     [VersionUpgrader] Couldn't find steps for type [WebServicePlugin], ignoring...
INFO    20/May/2019:00:36:40.430 [4fd2:000000000000000000000000]     [VersionUpgrader] Adding dependency for type [SystemSettings] version [13]
INFO    20/May/2019:00:36:40.430 [4fd2:000000000000000000000000]     [VersionUpgrader] Couldn't find steps for type [SystemSettings], ignoring...
INFO    20/May/2019:00:36:40.430 [4fd2:000000000000000000000000]     [VersionUpgrader] Adding dependency for type [CacheManager] version [2]
INFO    20/May/2019:00:36:40.430 [4fd2:000000000000000000000000]     [VersionUpgrader] Couldn't find steps for type [CacheManager], ignoring...
INFO    20/May/2019:00:36:40.430 [4fd2:000000000000000000000000]     [VersionUpgrader] Adding dependency for type [StaticFile] version [1]
INFO    20/May/2019:00:36:40.430 [4fd2:000000000000000000000000]     [VersionUpgrader] Couldn't find steps for type [StaticFile], ignoring...
INFO    20/May/2019:00:36:40.430 [4fd2:000000000000000000000000]     [VersionUpgrader] Adding dependency for type [PortalConfiguration] version [26]
INFO    20/May/2019:00:36:40.430 [4fd2:000000000000000000000000]     [VersionUpgrader] Couldn't find steps for type [PortalConfiguration], ignoring...
INFO    20/May/2019:00:36:40.430 [4fd2:000000000000000000000000]     [VersionUpgrader] Adding dependency for type [PortalConfiguration] version [26]
INFO    20/May/2019:00:36:40.430 [4fd2:000000000000000000000000]     [VersionUpgrader] Couldn't find steps for type [PortalConfiguration], ignoring...
INFO    20/May/2019:00:36:40.430 [4fd2:000000000000000000000000]     [VersionUpgrader] Adding dependency for type [PortalConfiguration] version [32]
INFO    20/May/2019:00:36:40.430 [4fd2:000000000000000000000000]     [VersionUpgrader] Couldn't find steps for type [PortalConfiguration], ignoring...
INFO    20/May/2019:00:36:40.430 [4fd2:000000000000000000000000]     [VersionUpgrader] Adding dependency for type [PortalConfiguration] version [32]
INFO    20/May/2019:00:36:40.430 [4fd2:000000000000000000000000]     [VersionUpgrader] Couldn't find steps for type [PortalConfiguration], ignoring...
INFO    20/May/2019:00:36:40.430 [4fd2:000000000000000000000000]     [VersionUpgrader] Adding dependency for type [PortalConfiguration] version [32]
INFO    20/May/2019:00:36:40.430 [4fd2:000000000000000000000000]     [VersionUpgrader] Couldn't find steps for type [PortalConfiguration], ignoring...
INFO    20/May/2019:00:36:40.430 [4fd2:000000000000000000000000]     [VersionUpgrader] Adding dependency for type [PortalConfiguration] version [32]
INFO    20/May/2019:00:36:40.430 [4fd2:000000000000000000000000]     [VersionUpgrader] Couldn't find steps for type [PortalConfiguration], ignoring...
INFO    20/May/2019:00:36:40.430 [4fd2:000000000000000000000000]     [VersionUpgrader] Adding dependency for type [PortalConfiguration] version [32]
INFO    20/May/2019:00:36:40.430 [4fd2:000000000000000000000000]     [VersionUpgrader] Couldn't find steps for type [PortalConfiguration], ignoring...
INFO    20/May/2019:00:36:40.430 [4fd2:000000000000000000000000]     [VersionUpgrader] Adding dependency for type [PortalConfiguration] version [32]
INFO    20/May/2019:00:36:40.430 [4fd2:000000000000000000000000]     [VersionUpgrader] Couldn't find steps for type [PortalConfiguration], ignoring...
INFO    20/May/2019:00:36:40.430 [4fd2:000000000000000000000000]     [VersionUpgrader] Adding dependency for type [PortalConfiguration] version [32]
INFO    20/May/2019:00:36:40.430 [4fd2:000000000000000000000000]     [VersionUpgrader] Couldn't find steps for type [PortalConfiguration], ignoring...
INFO    20/May/2019:00:36:40.430 [4fd2:000000000000000000000000]     [VersionUpgrader] Adding dependency for type [PortalConfiguration] version [32]
INFO    20/May/2019:00:36:40.430 [4fd2:000000000000000000000000]     [VersionUpgrader] Couldn't find steps for type [PortalConfiguration], ignoring...
INFO    20/May/2019:00:36:40.430 [4fd2:000000000000000000000000]     [VersionUpgrader] Adding dependency for type [PortalConfiguration] version [32]
INFO    20/May/2019:00:36:40.430 [4fd2:000000000000000000000000]     [VersionUpgrader] Couldn't find steps for type [PortalConfiguration], ignoring...
INFO    20/May/2019:00:36:40.430 [4fd2:000000000000000000000000]     [VersionUpgrader] Adding dependency for type [PortalConfiguration] version [32]
INFO    20/May/2019:00:36:40.430 [4fd2:000000000000000000000000]     [VersionUpgrader] Couldn't find steps for type [PortalConfiguration], ignoring...
INFO    20/May/2019:00:36:40.430 [4fd2:000000000000000000000000]     [VersionUpgrader] Adding dependency for type [PortalConfiguration] version [32]
INFO    20/May/2019:00:36:40.430 [4fd2:000000000000000000000000]     [VersionUpgrader] Couldn't find steps for type [PortalConfiguration], ignoring...
INFO    20/May/2019:00:36:40.430 [4fd2:000000000000000000000000]     [VersionUpgrader] Adding dependency for type [PortalConfiguration] version [32]
INFO    20/May/2019:00:36:40.430 [4fd2:000000000000000000000000]     [VersionUpgrader] Couldn't find steps for type [PortalConfiguration], ignoring...
INFO    20/May/2019:00:36:40.430 [4fd2:000000000000000000000000]     [VersionUpgrader] Adding dependency for type [PortalConfiguration] version [32]
INFO    20/May/2019:00:36:40.430 [4fd2:000000000000000000000000]     [VersionUpgrader] Couldn't find steps for type [PortalConfiguration], ignoring...
INFO    20/May/2019:00:36:40.431 [4fd2:000000000000000000000000]     [VersionUpgrader] Adding dependency for type [PortalConfiguration] version [32]
INFO    20/May/2019:00:36:40.431 [4fd2:000000000000000000000000]     [VersionUpgrader] Couldn't find steps for type [PortalConfiguration], ignoring...
INFO    20/May/2019:00:36:40.431 [4fd2:000000000000000000000000]     [VersionUpgrader] Adding dependency for type [PortalConfiguration] version [32]
INFO    20/May/2019:00:36:40.431 [4fd2:000000000000000000000000]     [VersionUpgrader] Couldn't find steps for type [PortalConfiguration], ignoring...
INFO    20/May/2019:00:36:40.431 [4fd2:000000000000000000000000]     [VersionUpgrader] Adding dependency for type [PortalConfiguration] version [32]
INFO    20/May/2019:00:36:40.431 [4fd2:000000000000000000000000]     [VersionUpgrader] Couldn't find steps for type [PortalConfiguration], ignoring...
INFO    20/May/2019:00:36:40.431 [4fd2:000000000000000000000000]     [VersionUpgrader] Adding dependency for type [PortalConfiguration] version [32]
INFO    20/May/2019:00:36:40.431 [4fd2:000000000000000000000000]     [VersionUpgrader] Couldn't find steps for type [PortalConfiguration], ignoring...
INFO    20/May/2019:00:36:40.431 [4fd2:000000000000000000000000]     [VersionUpgrader] Adding dependency for type [PortalConfiguration] version [32]
INFO    20/May/2019:00:36:40.431 [4fd2:000000000000000000000000]     [VersionUpgrader] Couldn't find steps for type [PortalConfiguration], ignoring...
INFO    20/May/2019:00:36:40.431 [4fd2:000000000000000000000000]     [VersionUpgrader] Adding dependency for type [PortalConfiguration] version [32]
INFO    20/May/2019:00:36:40.431 [4fd2:000000000000000000000000]     [VersionUpgrader] Couldn't find steps for type [PortalConfiguration], ignoring...
INFO    20/May/2019:00:36:40.431 [4fd2:000000000000000000000000]     [VersionUpgrader] Adding dependency for type [PortalConfiguration] version [32]
INFO    20/May/2019:00:36:40.431 [4fd2:000000000000000000000000]     [VersionUpgrader] Couldn't find steps for type [PortalConfiguration], ignoring...
INFO    20/May/2019:00:36:40.431 [4fd2:000000000000000000000000]     [VersionUpgrader] Adding dependency for type [PortalConfiguration] version [32]
INFO    20/May/2019:00:36:40.431 [4fd2:000000000000000000000000]     [VersionUpgrader] Couldn't find steps for type [PortalConfiguration], ignoring...
INFO    20/May/2019:00:36:40.431 [4fd2:000000000000000000000000]     [VersionUpgrader] Adding dependency for type [PortalConfiguration] version [32]
INFO    20/May/2019:00:36:40.431 [4fd2:000000000000000000000000]     [VersionUpgrader] Couldn't find steps for type [PortalConfiguration], ignoring...
INFO    20/May/2019:00:36:40.431 [4fd2:000000000000000000000000]     [VersionUpgrader] Adding dependency for type [PortalConfiguration] version [32]
INFO    20/May/2019:00:36:40.431 [4fd2:000000000000000000000000]     [VersionUpgrader] Couldn't find steps for type [PortalConfiguration], ignoring...
INFO    20/May/2019:00:36:40.431 [4fd2:000000000000000000000000]     [VersionUpgrader] Adding dependency for type [PortalConfiguration] version [32]
INFO    20/May/2019:00:36:40.431 [4fd2:000000000000000000000000]     [VersionUpgrader] Couldn't find steps for type [PortalConfiguration], ignoring...
INFO    20/May/2019:00:36:40.431 [4fd2:000000000000000000000000]     [VersionUpgrader] Adding dependency for type [PortalConfiguration] version [32]
INFO    20/May/2019:00:36:40.431 [4fd2:000000000000000000000000]     [VersionUpgrader] Couldn't find steps for type [PortalConfiguration], ignoring...
INFO    20/May/2019:00:36:40.431 [4fd2:000000000000000000000000]     [VersionUpgrader] Adding dependency for type [PortalConfiguration] version [32]
INFO    20/May/2019:00:36:40.431 [4fd2:000000000000000000000000]     [VersionUpgrader] Couldn't find steps for type [PortalConfiguration], ignoring...
INFO    20/May/2019:00:36:40.431 [4fd2:000000000000000000000000]     [VersionUpgrader] Adding dependency for type [PortalConfiguration] version [32]
INFO    20/May/2019:00:36:40.431 [4fd2:000000000000000000000000]     [VersionUpgrader] Couldn't find steps for type [PortalConfiguration], ignoring...
INFO    20/May/2019:00:36:40.431 [4fd2:000000000000000000000000]     [VersionUpgrader] Adding dependency for type [PortalConfiguration] version [32]
INFO    20/May/2019:00:36:40.431 [4fd2:000000000000000000000000]     [VersionUpgrader] Couldn't find steps for type [PortalConfiguration], ignoring...
INFO    20/May/2019:00:36:40.431 [4fd2:000000000000000000000000]     [VersionUpgrader] Adding dependency for type [PortalConfiguration] version [32]
INFO    20/May/2019:00:36:40.431 [4fd2:000000000000000000000000]     [VersionUpgrader] Couldn't find steps for type [PortalConfiguration], ignoring...
INFO    20/May/2019:00:36:40.431 [4fd2:000000000000000000000000]     [VersionUpgrader] Adding dependency for type [PortalConfiguration] version [32]
INFO    20/May/2019:00:36:40.431 [4fd2:000000000000000000000000]     [VersionUpgrader] Couldn't find steps for type [PortalConfiguration], ignoring...
INFO    20/May/2019:00:36:40.431 [4fd2:000000000000000000000000]     [VersionUpgrader] Adding dependency for type [PortalConfiguration] version [32]
INFO    20/May/2019:00:36:40.431 [4fd2:000000000000000000000000]     [VersionUpgrader] Couldn't find steps for type [PortalConfiguration], ignoring...
INFO    20/May/2019:00:36:40.431 [4fd2:000000000000000000000000]     [VersionUpgrader] Adding dependency for type [PortalConfiguration] version [32]
INFO    20/May/2019:00:36:40.431 [4fd2:000000000000000000000000]     [VersionUpgrader] Couldn't find steps for type [PortalConfiguration], ignoring...
INFO    20/May/2019:00:36:40.431 [4fd2:000000000000000000000000]     [VersionUpgrader] Adding dependency for type [PortalConfiguration] version [32]
INFO    20/May/2019:00:36:40.431 [4fd2:000000000000000000000000]     [VersionUpgrader] Couldn't find steps for type [PortalConfiguration], ignoring...
INFO    20/May/2019:00:36:40.432 [4fd2:000000000000000000000000]     [VersionUpgrader] Adding dependency for type [PortalConfiguration] version [32]
INFO    20/May/2019:00:36:40.432 [4fd2:000000000000000000000000]     [VersionUpgrader] Couldn't find steps for type [PortalConfiguration], ignoring...
INFO    20/May/2019:00:36:40.432 [4fd2:000000000000000000000000]     [VersionUpgrader] Adding dependency for type [PortalConfiguration] version [32]
INFO    20/May/2019:00:36:40.432 [4fd2:000000000000000000000000]     [VersionUpgrader] Couldn't find steps for type [PortalConfiguration], ignoring...
INFO    20/May/2019:00:36:40.432 [4fd2:000000000000000000000000]     [VersionUpgrader] Adding dependency for type [PortalConfiguration] version [32]
INFO    20/May/2019:00:36:40.432 [4fd2:000000000000000000000000]     [VersionUpgrader] Couldn't find steps for type [PortalConfiguration], ignoring...
INFO    20/May/2019:00:36:40.432 [4fd2:000000000000000000000000]     [VersionUpgrader] Adding dependency for type [PortalConfiguration] version [32]
INFO    20/May/2019:00:36:40.432 [4fd2:000000000000000000000000]     [VersionUpgrader] Couldn't find steps for type [PortalConfiguration], ignoring...
INFO    20/May/2019:00:36:40.432 [4fd2:000000000000000000000000]     [VersionUpgrader] Adding dependency for type [PortalConfiguration] version [32]
INFO    20/May/2019:00:36:40.432 [4fd2:000000000000000000000000]     [VersionUpgrader] Couldn't find steps for type [PortalConfiguration], ignoring...
INFO    20/May/2019:00:36:40.432 [4fd2:000000000000000000000000]     [VersionUpgrader] Adding dependency for type [PortalConfiguration] version [32]
INFO    20/May/2019:00:36:40.432 [4fd2:000000000000000000000000]     [VersionUpgrader] Couldn't find steps for type [PortalConfiguration], ignoring...
INFO    20/May/2019:00:36:40.432 [4fd2:000000000000000000000000]     [VersionUpgrader] Adding dependency for type [PortalConfiguration] version [32]
INFO    20/May/2019:00:36:40.432 [4fd2:000000000000000000000000]     [VersionUpgrader] Couldn't find steps for type [PortalConfiguration], ignoring...
INFO    20/May/2019:00:36:40.432 [4fd2:000000000000000000000000]     [VersionUpgrader] Adding dependency for type [PortalConfiguration] version [32]
INFO    20/May/2019:00:36:40.432 [4fd2:000000000000000000000000]     [VersionUpgrader] Couldn't find steps for type [PortalConfiguration], ignoring...
INFO    20/May/2019:00:36:40.432 [4fd2:000000000000000000000000]     [VersionUpgrader] Adding dependency for type [PortalConfiguration] version [32]
INFO    20/May/2019:00:36:40.432 [4fd2:000000000000000000000000]     [VersionUpgrader] Couldn't find steps for type [PortalConfiguration], ignoring...
INFO    20/May/2019:00:36:40.432 [4fd2:000000000000000000000000]     [VersionUpgrader] Adding dependency for type [PortalConfiguration] version [32]
INFO    20/May/2019:00:36:40.432 [4fd2:000000000000000000000000]     [VersionUpgrader] Couldn't find steps for type [PortalConfiguration], ignoring...
INFO    20/May/2019:00:36:40.432 [4fd2:000000000000000000000000]     [VersionUpgrader] Adding dependency for type [PortalConfiguration] version [32]
INFO    20/May/2019:00:36:40.432 [4fd2:000000000000000000000000]     [VersionUpgrader] Couldn't find steps for type [PortalConfiguration], ignoring...
INFO    20/May/2019:00:36:40.432 [4fd2:000000000000000000000000]     [VersionUpgrader] Running tasks for type: Certificate
INFO    20/May/2019:00:36:40.509 [4fd2:000000000000000000000000]     [migrateEntities] Migrating entities for types:
INFO    20/May/2019:00:36:40.509 [4fd2:000000000000000000000000]     [migrateEntities]  Certificate (com.vordel.upgrade.es.fivezero.ScriptedEntityMigrator)
REPORT  20/May/2019:00:36:40.738 [4fd2:000000000000000000000000]     Migrating Certificate from version 5 to version 6
REPORT  20/May/2019:00:36:40.738 [4fd2:000000000000000000000000]     Adding 'conversation' (string field)
INFO    20/May/2019:00:36:41.958 [4fd2:000000000000000000000000]     [VersionUpgrader] [Certificate] Completed Step 6
INFO    20/May/2019:00:36:41.958 [4fd2:000000000000000000000000]     [VersionUpgrader] Running tasks for type: ESConfiguration
INFO    20/May/2019:00:36:41.975 [4fd2:000000000000000000000000]     [migrateEntities] Migrating entities for types:
INFO    20/May/2019:00:36:41.978 [4fd2:000000000000000000000000]     [migrateEntities]  /[CircuitContainer]name=Management Services/[CircuitContainer]name=LDAP Sample Policies/[FilterCircuit]name=Protect Management Interfaces (LDAP)/[JavaScriptFilter]name=Is the caller an Admin Node Manager and in the same domain as this Node Manager ? (com.vordel.upgrade.es.FieldMigrator)
INFO    20/May/2019:00:36:42.185 [4fd2:000000000000000000000000]     [VersionUpgrader] [ESConfiguration] Completed Step 28
INFO    20/May/2019:00:36:42.190 [4fd2:000000000000000000000000]     [migrateEntities] Migrating entities for types:
INFO    20/May/2019:00:36:42.190 [4fd2:000000000000000000000000]     [migrateEntities]  /[KPSRoot]name=Key Property Stores/[KPSPackage]name=API Portal/[KPSTypeGroup]name=Types/[KPSType]name=PortalIdentityStore (com.vordel.upgrade.es.fivezero.ScriptedEntityMigrator)
REPORT  20/May/2019:00:36:42.235 [4fd2:000000000000000000000000]     Adding 'passwordSetOn' property to PortalIdentityStore
INFO    20/May/2019:00:36:42.531 [4fd2:000000000000000000000000]     [VersionUpgrader] [ESConfiguration] Completed Step 29
INFO    20/May/2019:00:36:42.544 [4fd2:000000000000000000000000]     [migrateEntities] Migrating entities for types:
INFO    20/May/2019:00:36:42.544 [4fd2:000000000000000000000000]     [migrateEntities]  /[NetService]name=Service/[HTTP]name=OAuth 2.0 Services/[SSLInterface]name=OAuth 2.0 Interface (com.vordel.upgrade.es.fivezero.ScriptedEntityMigrator)
INFO    20/May/2019:00:36:42.572 [4fd2:000000000000000000000000]     Disabling traffic monitoring for OAuth 2.0 Interface
INFO    20/May/2019:00:36:42.864 [4fd2:000000000000000000000000]     [VersionUpgrader] [ESConfiguration] Completed Step 30
INFO    20/May/2019:00:36:42.872 [4fd2:000000000000000000000000]     [VersionUpgrader] Running tasks for type: ICAPServer
INFO    20/May/2019:00:36:42.885 [4fd2:000000000000000000000000]     [VersionUpgrader] [ICAPServer] Completed Step 1
INFO    20/May/2019:00:36:42.885 [4fd2:000000000000000000000000]     [VersionUpgrader] Running tasks for type: MimeTypeGroup
INFO    20/May/2019:00:36:42.898 [4fd2:000000000000000000000000]     [VersionUpgrader] [MimeTypeGroup] Completed Step 2
INFO    20/May/2019:00:36:42.898 [4fd2:000000000000000000000000]     [VersionUpgrader] Running tasks for type: PGPDecryptFilter
INFO    20/May/2019:00:36:42.904 [4fd2:000000000000000000000000]     [VersionUpgrader] [PGPDecryptFilter] Completed Step 3
INFO    20/May/2019:00:36:42.904 [4fd2:000000000000000000000000]     [VersionUpgrader] Running tasks for type: RegularExpression
INFO    20/May/2019:00:36:42.909 [4fd2:000000000000000000000000]     [migrateEntities] Migrating entities for types:
INFO    20/May/2019:00:36:42.909 [4fd2:000000000000000000000000]     [migrateEntities]  RegularExpression (com.vordel.upgrade.es.fivezero.ScriptedEntityMigrator)
INFO    20/May/2019:00:36:42.981 [4fd2:000000000000000000000000]     Updating 'DOCTYPE DTD Reference' to "(?i)<!DOCTYPE"
INFO    20/May/2019:00:36:43.297 [4fd2:000000000000000000000000]     [VersionUpgrader] [RegularExpression] Completed Step 4
INFO    20/May/2019:00:36:43.297 [4fd2:000000000000000000000000]     [VersionUpgrader] Running tasks for type: URIHandler
INFO    20/May/2019:00:36:43.310 [4fd2:000000000000000000000000]     [VersionUpgrader] [URIHandler] Completed Step 6
INFO    20/May/2019:00:36:43.310 [4fd2:000000000000000000000000]     [VersionUpgrader] Final pass to load latest typeset...
INFO    20/May/2019:00:36:58.225 [4fd2:000000000000000000000000]     [VersionUpgrader] ...typeset sucessfully loaded.
INFO    20/May/2019:00:36:58.482 [4fd2:000000000000000000000000]     Set the entity store version to be 7.7.0
INFO    20/May/2019:00:36:58.482 [4fd2:000000000000000000000000]     Set the entity store productKey to be VordelGateway
INFO    20/May/2019:00:37:00.274 [4fd2:000000000000000000000000]     Upgrading environmentalized settings...
INFO    20/May/2019:00:37:00.274 [4fd2:000000000000000000000000]     Completed upgrade of environmentalized settings
REPORT  20/May/2019:00:37:00.783 [4fd2:000000000000000000000000]     ... Upgrade successful.
REPORT  20/May/2019:00:37:01.127 [4fd2:000000000000000000000000]     OK
REPORT  20/May/2019:00:37:01.129 [4fd2:000000000000000000000000]  
REPORT  20/May/2019:00:37:01.129 [4fd2:000000000000000000000000] projupgrade summary
REPORT  20/May/2019:00:37:01.129 [4fd2:000000000000000000000000] ===================
REPORT  20/May/2019:00:37:01.129 [4fd2:000000000000000000000000] Number of projects successfully upgraded: 1
REPORT  20/May/2019:00:37:01.129 [4fd2:000000000000000000000000] Number of projects where upgrade failed: 0
INFO    20/May/2019:00:37:01.254 [4fd2:000000000000000000000000] file trace stopped
